<?xml version="1.0" encoding="UTF-8"?>
<!-- Generated by org.testng.reporters.JUnitReportReporter -->
<testsuite hostname="LAPTOP-EEAS1CV9" failures="0" tests="2" name="com.Ecommerce.login.LoginTest" time="1.791" errors="0" timestamp="2025-08-21T15:43:33 IST" skipped="1">
  <testcase classname="com.Ecommerce.login.LoginTest" name="positiveLoginTest" time="1.791"/>
  <testcase classname="com.Ecommerce.login.LoginTest" name="negativeLoginTest">
    <skipped/>
  </testcase> <!-- negativeLoginTest -->
  <system-out>
    <![CDATA[===server started===
===database connected sucessfully===
==chromelaunched sucessfully
==browser closed sucessfully
==database closed sucessfully
==server closed sucessfully==]]>
  </system-out>
</testsuite> <!-- com.Ecommerce.login.LoginTest -->
