<?xml version="1.0" encoding="UTF-8"?>
<!-- Generated by org.testng.reporters.JUnitReportReporter -->
<testsuite hostname="LAPTOP-EEAS1CV9" failures="0" tests="1" name="com.Ecommerce.addToCart.AddToCartTest" time="10.058" errors="0" timestamp="2025-08-19T17:02:45 IST" skipped="0">
  <testcase classname="com.Ecommerce.addToCart.AddToCartTest" name="addToCart" time="10.058"/>
  <system-out>
    <![CDATA[===server started===
===database connected sucessfully===
===database connected sucessfully===
==chromelaunched sucessfully
==firefoxlaunched sucessfully
==browser closed sucessfully
==database closed sucessfully
==browser closed sucessfully
==database closed sucessfully
==server closed sucessfully==]]>
  </system-out>
</testsuite> <!-- com.Ecommerce.addToCart.AddToCartTest -->
