<?xml version="1.0" encoding="UTF-8"?>
<!-- Generated by org.testng.reporters.JUnitReportReporter -->
<testsuite hostname="LAPTOP-EEAS1CV9" failures="0" tests="1" name="com.Ecommerce.register.RegisterTest" time="2.095" errors="0" timestamp="2025-08-28T16:26:57 IST" skipped="0">
  <testcase classname="com.Ecommerce.register.RegisterTest" name="register" time="2.095"/>
  <system-out>
    <![CDATA[===server started===
===database connected sucessfully===
==chromelaunched sucessfully
==browser closed sucessfully
==database closed sucessfully
==server closed sucessfully==]]>
  </system-out>
</testsuite> <!-- com.Ecommerce.register.RegisterTest -->
