<?xml version="1.0" encoding="UTF-8"?>
<!-- Generated by org.testng.reporters.JUnitReportReporter -->
<testsuite hostname="LAPTOP-EEAS1CV9" failures="0" tests="1" name="com.Ecommerce.login.LoginTest" time="0.023" errors="0" timestamp="2025-08-12T15:55:49 IST" skipped="0">
  <testcase classname="com.Ecommerce.login.LoginTest" name="login" time="0.023">
    <system-out>
      <![CDATA[login sucessfully]]>
    </system-out>
  </testcase> <!-- login -->
  <system-out>
    <![CDATA[===server started===
===database connected sucessfully===
==chromelaunched sucessfully
login sucessfully
==browser closed sucessfully
==database closed sucessfully
==server closed sucessfully==]]>
  </system-out>
</testsuite> <!-- com.Ecommerce.login.LoginTest -->
